<?xml version="1.0" encoding="UTF-8"?>
<!-- Generated by org.testng.reporters.JUnitReportReporter -->
<testsuite hostname="DESKTOP-SM3GAAU" failures="0" tests="2" name="mrf.testng.TestNGAnnotations1" time="0.010" errors="0" timestamp="2021-11-20T14:43:58 PKT" skipped="0">
  <testcase classname="mrf.testng.TestNGAnnotations1" name="test2" time="0.003"/>
  <system-out/>
  <testcase classname="mrf.testng.TestNGAnnotations1" name="test1" time="0.007"/>
  <system-out/>
</testsuite> <!-- mrf.testng.TestNGAnnotations1 -->
