<?xml version="1.0" encoding="UTF-8"?>
<!-- Generated by org.testng.reporters.JUnitReportReporter -->
<testsuite hostname="DESKTOP-SM3GAAU" failures="0" tests="4" name="mrf.testng.TestNGPriority" time="0.015" errors="0" timestamp="2021-11-22T10:15:03 PKT" skipped="0">
  <testcase classname="mrf.testng.TestNGPriority" name="test3" time="0.009"/>
  <system-out/>
  <testcase classname="mrf.testng.TestNGPriority" name="test2" time="0.002"/>
  <system-out/>
  <testcase classname="mrf.testng.TestNGPriority" name="test4" time="0.003"/>
  <system-out/>
  <testcase classname="mrf.testng.TestNGPriority" name="test1" time="0.001"/>
  <system-out/>
</testsuite> <!-- mrf.testng.TestNGPriority -->
