<?xml version="1.0" encoding="UTF-8"?>
<!-- Generated by org.testng.reporters.JUnitReportReporter -->
<testsuite hostname="DESKTOP-SM3GAAU" failures="0" tests="1" name="testpackage.FindAllLinks" time="29.968" errors="0" timestamp="2022-09-28T17:11:14 PKT" skipped="0">
  <testcase classname="testpackage.FindAllLinks" name="f" time="29.968"/>
  <system-out/>
</testsuite> <!-- testpackage.FindAllLinks -->
