<?xml version="1.0" encoding="UTF-8"?>
<!-- Generated by org.testng.reporters.JUnitReportReporter -->
<testsuite hostname="DESKTOP-SM3GAAU" failures="0" tests="1" name="mrf.extentreports.TestNGNewTest" time="0.001" errors="0" timestamp="2022-01-04T10:20:29 PKT" skipped="0">
  <testcase classname="mrf.extentreports.TestNGNewTest" name="test2" time="0.001"/>
  <system-out/>
</testsuite> <!-- mrf.extentreports.TestNGNewTest -->
