<?xml version="1.0" encoding="UTF-8"?>
<!-- Generated by org.testng.reporters.JUnitReportReporter -->
<testsuite hostname="DESKTOP-SM3GAAU" failures="0" tests="3" name="mrf.excel.read.LoginTestWithExcel" time="9.414" errors="0" timestamp="2022-09-28T17:24:17 PKT" skipped="0">
  <testcase classname="mrf.excel.read.LoginTestWithExcel" name="loginTestCase" time="1.691"/>
  <system-out/>
  <testcase classname="mrf.excel.read.LoginTestWithExcel" name="loginTestCase" time="1.585"/>
  <system-out/>
  <testcase classname="mrf.excel.read.LoginTestWithExcel" name="loginTestCase" time="6.138"/>
  <system-out/>
</testsuite> <!-- mrf.excel.read.LoginTestWithExcel -->
