<?xml version="1.0" encoding="UTF-8"?>
<!-- Generated by org.testng.reporters.JUnitReportReporter -->
<testsuite hostname="DESKTOP-SM3GAAU" failures="0" tests="3" name="mrf.testng.TestNGReportsAndLogs" time="0.018" errors="0" timestamp="2021-11-24T21:00:02 PKT" skipped="0">
  <testcase classname="mrf.testng.TestNGReportsAndLogs" name="test3" time="0.001"/>
  <system-out>
    <![CDATA[TestNGReportsAndLogs => test3]]>
  </system-out>
  <testcase classname="mrf.testng.TestNGReportsAndLogs" name="test2" time="0.001"/>
  <system-out>
    <![CDATA[TestNGReportsAndLogs => test2]]>
  </system-out>
  <testcase classname="mrf.testng.TestNGReportsAndLogs" name="test1" time="0.016"/>
  <system-out>
    <![CDATA[TestNGReportsAndLogs => test1]]>
  </system-out>
</testsuite> <!-- mrf.testng.TestNGReportsAndLogs -->
