<?xml version="1.0" encoding="UTF-8"?>
<!-- Generated by org.testng.reporters.JUnitReportReporter -->
<testsuite hostname="DESKTOP-SM3GAAU" failures="0" tests="1" name="testpackage.NewTest" time="0.548" errors="0" timestamp="2022-09-04T18:51:12 PKT" skipped="0">
  <testcase classname="testpackage.NewTest" name="f" time="0.548"/>
  <system-out/>
</testsuite> <!-- testpackage.NewTest -->
