<?xml version="1.0" encoding="UTF-8"?>
<!-- Generated by org.testng.reporters.JUnitReportReporter -->
<testsuite hostname="DESKTOP-SM3GAAU" failures="0" tests="2" name="mrf.testng.TestNGDataProviders" time="0.016" errors="0" timestamp="2021-11-24T12:33:59 PKT" skipped="0">
  <testcase classname="mrf.testng.TestNGDataProviders" name="f" time="0.002"/>
  <system-out/>
  <testcase classname="mrf.testng.TestNGDataProviders" name="f" time="0.014"/>
  <system-out/>
</testsuite> <!-- mrf.testng.TestNGDataProviders -->
