<?xml version="1.0" encoding="UTF-8"?>
<!-- Generated by org.testng.reporters.JUnitReportReporter -->
<testsuite hostname="DESKTOP-SM3GAAU" failures="0" tests="3" name="mrf.testng.TestNGAnnotations" time="0.012" errors="0" timestamp="2021-11-19T12:30:37 PKT" skipped="0">
  <testcase classname="mrf.testng.TestNGAnnotations" name="test2" time="0.002"/>
  <system-out/>
  <testcase classname="mrf.testng.TestNGAnnotations" name="test3" time="0.003"/>
  <system-out/>
  <testcase classname="mrf.testng.TestNGAnnotations" name="test1" time="0.007"/>
  <system-out/>
</testsuite> <!-- mrf.testng.TestNGAnnotations -->
