<?xml version="1.0" encoding="UTF-8"?>
<!-- Generated by org.testng.reporters.JUnitReportReporter -->
<testsuite hostname="DESKTOP-SM3GAAU" failures="0" tests="1" name="mrf.extentreports.LoginTest" time="12.749" errors="0" timestamp="2022-02-13T23:01:07 PKT" skipped="0">
  <testcase classname="mrf.extentreports.LoginTest" name="loginTestCase" time="12.749"/>
  <system-out/>
</testsuite> <!-- mrf.extentreports.LoginTest -->
