<?xml version="1.0" encoding="UTF-8"?>
<!-- Generated by org.testng.reporters.JUnitReportReporter -->
<testsuite hostname="DESKTOP-SM3GAAU" failures="0" tests="2" name="mrf.testng.TestNGAnnotations2" time="0.019" errors="0" timestamp="2021-11-20T14:43:58 PKT" skipped="0">
  <testcase classname="mrf.testng.TestNGAnnotations2" name="test2" time="0.006"/>
  <system-out/>
  <testcase classname="mrf.testng.TestNGAnnotations2" name="test1" time="0.013"/>
  <system-out/>
</testsuite> <!-- mrf.testng.TestNGAnnotations2 -->
