<?xml version="1.0" encoding="UTF-8"?>
<!-- Generated by org.testng.reporters.JUnitReportReporter -->
<testsuite hostname="DESKTOP-SM3GAAU" failures="0" tests="1" name="mrf.testng.TestNGParameters" time="6.637" errors="0" timestamp="2021-11-23T18:09:47 PKT" skipped="0">
  <testcase classname="mrf.testng.TestNGParameters" name="TestCase1" time="6.637"/>
  <system-out/>
</testsuite> <!-- mrf.testng.TestNGParameters -->
