<?xml version="1.0" encoding="UTF-8"?>
<!-- Generated by org.testng.reporters.JUnitReportReporter -->
<testsuite hostname="DESKTOP-SM3GAAU" failures="0" tests="4" name="mrf.testng.TestNGDependent" time="0.011" errors="0" timestamp="2021-11-22T14:53:33 PKT" skipped="0">
  <testcase classname="mrf.testng.TestNGDependent" name="test2" time="0.001"/>
  <system-out/>
  <testcase classname="mrf.testng.TestNGDependent" name="test1" time="0.001"/>
  <system-out/>
  <testcase classname="mrf.testng.TestNGDependent" name="test4" time="0.008"/>
  <system-out/>
  <testcase classname="mrf.testng.TestNGDependent" name="test3" time="0.001"/>
  <system-out/>
</testsuite> <!-- mrf.testng.TestNGDependent -->
